[debug] [2021-08-01T11:16:26.559Z] ----------------------------------------------------------------------
[debug] [2021-08-01T11:16:26.561Z] Command:       C:\Program Files\nodejs\node.exe C:\Users\suryakant kumar\AppData\Roaming\npm\node_modules\firebase-tools\lib\bin\firebase.js emulators:start
[debug] [2021-08-01T11:16:26.561Z] CLI Version:   9.16.0
[debug] [2021-08-01T11:16:26.561Z] Platform:      win32
[debug] [2021-08-01T11:16:26.561Z] Node Version:  v14.17.1
[debug] [2021-08-01T11:16:26.564Z] Time:          Sun Aug 01 2021 16:46:26 GMT+0530 (India Standard Time)
[debug] [2021-08-01T11:16:26.564Z] ----------------------------------------------------------------------
[debug] 
[debug] [2021-08-01T11:16:26.643Z] > command requires scopes: ["email","openid","https://www.googleapis.com/auth/cloudplatformprojects.readonly","https://www.googleapis.com/auth/firebase","https://www.googleapis.com/auth/cloud-platform"]
[debug] [2021-08-01T11:16:26.644Z] > authorizing via signed-in user (kants1880@gmail.com)
[info] i  emulators: Starting emulators: functions, hosting {"metadata":{"emulator":{"name":"hub"},"message":"Starting emulators: functions, hosting"}}
[warn] !  emulators: It seems that you are running multiple instances of the emulator suite for project full-stack-e-clone. This may result in unexpected behavior. 
[debug] [2021-08-01T11:16:26.669Z] [hub] writing locator at C:\Users\SURYAK~1\AppData\Local\Temp\hub-full-stack-e-clone.json
[warn] !  functions: The following emulators are not running, calls to these services from the Functions emulator will affect production: auth, firestore, database, pubsub, storage {"metadata":{"emulator":{"name":"functions"},"message":"The following emulators are not running, calls to these services from the Functions emulator will affect production: \u001b[1mauth, firestore, database, pubsub, storage\u001b[22m"}}
[info] +  functions: Using node@14 from host. {"metadata":{"emulator":{"name":"functions"},"message":"Using node@14 from host."}}
[debug] [2021-08-01T11:16:28.550Z] defaultcredentials: writing to file C:\Users\suryakant kumar\AppData\Roaming\firebase\kants1880_gmail_com_application_default_credentials.json
[debug] [2021-08-01T11:16:28.551Z] Setting GAC to C:\Users\suryakant kumar\AppData\Roaming\firebase\kants1880_gmail_com_application_default_credentials.json {"metadata":{"emulator":{"name":"functions"},"message":"Setting GAC to C:\\Users\\suryakant kumar\\AppData\\Roaming\\firebase\\kants1880_gmail_com_application_default_credentials.json"}}
[debug] [2021-08-01T11:16:28.553Z] > refreshing access token with scopes: []
[debug] [2021-08-01T11:16:28.554Z] >>> HTTP REQUEST POST https://www.googleapis.com/oauth2/v3/token  
 <request body omitted>
[debug] [2021-08-01T11:16:32.206Z] <<< HTTP RESPONSE 200 {"cache-control":"no-cache, no-store, max-age=0, must-revalidate","expires":"Mon, 01 Jan 1990 00:00:00 GMT","date":"Sun, 01 Aug 2021 11:16:32 GMT","pragma":"no-cache","content-type":"application/json; charset=utf-8","vary":"X-Origin, Referer, Origin,Accept-Encoding","server":"scaffolding on HTTPServer2","x-xss-protection":"0","x-frame-options":"SAMEORIGIN","x-content-type-options":"nosniff","alt-svc":"h3=\":443\"; ma=2592000,h3-29=\":443\"; ma=2592000,h3-T051=\":443\"; ma=2592000,h3-Q050=\":443\"; ma=2592000,h3-Q046=\":443\"; ma=2592000,h3-Q043=\":443\"; ma=2592000,quic=\":443\"; ma=2592000; v=\"46,43\"","accept-ranges":"none","transfer-encoding":"chunked"}
[debug] [2021-08-01T11:16:32.219Z] >>> [apiv2][query] GET https://firebase.googleapis.com/v1beta1/projects/full-stack-e-clone/adminSdkConfig [none]
[debug] [2021-08-01T11:16:33.455Z] <<< [apiv2][status] GET https://firebase.googleapis.com/v1beta1/projects/full-stack-e-clone/adminSdkConfig 200
[debug] [2021-08-01T11:16:33.456Z] <<< [apiv2][body] GET https://firebase.googleapis.com/v1beta1/projects/full-stack-e-clone/adminSdkConfig {"projectId":"full-stack-e-clone","databaseURL":"https://full-stack-e-clone-default-rtdb.firebaseio.com","storageBucket":"full-stack-e-clone.appspot.com","locationId":"us-central"}
[debug] [2021-08-01T11:16:33.470Z] >>> [apiv2][query] GET https://firebasehosting.googleapis.com/v1beta1/projects/full-stack-e-clone/sites 
[debug] [2021-08-01T11:16:35.855Z] <<< [apiv2][status] GET https://firebasehosting.googleapis.com/v1beta1/projects/full-stack-e-clone/sites 200
[debug] [2021-08-01T11:16:35.856Z] <<< [apiv2][body] GET https://firebasehosting.googleapis.com/v1beta1/projects/full-stack-e-clone/sites {"sites":[{"name":"projects/188741045355/sites/full-stack-e-clone","defaultUrl":"https://full-stack-e-clone.web.app","appId":"1:188741045355:web:3a69ffd2cac1e60cb3b52e","type":"DEFAULT_SITE"}]}
[debug] [2021-08-01T11:16:35.856Z] >>> [apiv2][query] GET https://firebase.googleapis.com/v1beta1/projects/full-stack-e-clone/webApps/1:188741045355:web:3a69ffd2cac1e60cb3b52e/config [none]
[debug] [2021-08-01T11:16:38.528Z] <<< [apiv2][status] GET https://firebase.googleapis.com/v1beta1/projects/full-stack-e-clone/webApps/1:188741045355:web:3a69ffd2cac1e60cb3b52e/config 200
[debug] [2021-08-01T11:16:38.528Z] <<< [apiv2][body] GET https://firebase.googleapis.com/v1beta1/projects/full-stack-e-clone/webApps/1:188741045355:web:3a69ffd2cac1e60cb3b52e/config {"projectId":"full-stack-e-clone","appId":"1:188741045355:web:3a69ffd2cac1e60cb3b52e","databaseURL":"https://full-stack-e-clone-default-rtdb.firebaseio.com","storageBucket":"full-stack-e-clone.appspot.com","locationId":"us-central","apiKey":"AIzaSyCYF1dtbvLo468XUx6KjDMInE4-zwq310E","authDomain":"full-stack-e-clone.firebaseapp.com","messagingSenderId":"188741045355","measurementId":"G-Y16JLQ8HTD"}
[info] i  hosting: Serving hosting files from: build {"metadata":{"emulator":{"name":"hosting"},"message":"Serving hosting files from: \u001b[1mbuild\u001b[22m"}}
[info] +  hosting: Local server: http://localhost:5000 {"metadata":{"emulator":{"name":"hosting"},"message":"Local server: \u001b[4m\u001b[1mhttp://localhost:5000\u001b[22m\u001b[24m"}}
[warn] !  ui: Emulator UI unable to start on port 4000, starting on 4001 instead. {"metadata":{"emulator":{"name":"ui"},"message":"Emulator UI unable to start on port 4000, starting on 4001 instead."}}
[debug] [2021-08-01T11:16:38.584Z] Ignoring unsupported arg: auto_download {"metadata":{"emulator":{"name":"ui"},"message":"Ignoring unsupported arg: auto_download"}}
[debug] [2021-08-01T11:16:38.584Z] Ignoring unsupported arg: port {"metadata":{"emulator":{"name":"ui"},"message":"Ignoring unsupported arg: port"}}
[debug] [2021-08-01T11:16:38.584Z] Starting Emulator UI with command {"binary":"node","args":["C:\\Users\\suryakant kumar\\.cache\\firebase\\emulators\\ui-v1.6.0\\server.bundle.js"],"optionalArgs":[],"joinArgs":false} {"metadata":{"emulator":{"name":"ui"},"message":"Starting Emulator UI with command {\"binary\":\"node\",\"args\":[\"C:\\\\Users\\\\suryakant kumar\\\\.cache\\\\firebase\\\\emulators\\\\ui-v1.6.0\\\\server.bundle.js\"],\"optionalArgs\":[],\"joinArgs\":false}"}}
[info] i  ui: Emulator UI logging to ui-debug.log {"metadata":{"emulator":{"name":"ui"},"message":"Emulator UI logging to \u001b[1mui-debug.log\u001b[22m"}}
[debug] [2021-08-01T11:16:38.696Z] Web / API server started at localhost:4001
 {"metadata":{"emulator":{"name":"ui"},"message":"Web / API server started at localhost:4001\n"}}
[info] i  functions: Watching "C:\Users\suryakant kumar\OneDrive\Desktop\clone\Amzone_full stack\amazon_clone\functions" for Cloud Functions... {"metadata":{"emulator":{"name":"functions"},"message":"Watching \"C:\\Users\\suryakant kumar\\OneDrive\\Desktop\\clone\\Amzone_full stack\\amazon_clone\\functions\" for Cloud Functions..."}}
[debug] [2021-08-01T11:16:38.869Z] [worker-pool] addWorker(~diagnostic~) {"metadata":{"emulator":{"name":"functions"},"message":"[worker-pool] addWorker(~diagnostic~)"}}
[debug] [2021-08-01T11:16:38.870Z] [worker-pool] Adding worker with key ~diagnostic~, total=1 {"metadata":{"emulator":{"name":"functions"},"message":"[worker-pool] Adding worker with key ~diagnostic~, total=1"}}
[debug] [2021-08-01T11:16:38.870Z] [worker-pool] submitWork(triggerId=) {"metadata":{"emulator":{"name":"functions"},"message":"[worker-pool] submitWork(triggerId=)"}}
[debug] [2021-08-01T11:16:38.870Z] [worker-~diagnostic~-e1c858aa-bf2d-4ae3-b45e-ffd63c3ac9ef]: Assigning socketPath: \\?\pipe\C:\Users\suryakant kumar\OneDrive\Desktop\clone\Amzone_full stack\amazon_clone\functions\17068 {"metadata":{"emulator":{"name":"functions"},"message":"[worker-~diagnostic~-e1c858aa-bf2d-4ae3-b45e-ffd63c3ac9ef]: Assigning socketPath: \\\\?\\pipe\\C:\\Users\\suryakant kumar\\OneDrive\\Desktop\\clone\\Amzone_full stack\\amazon_clone\\functions\\17068"}}
[debug] [2021-08-01T11:16:38.871Z] [worker-~diagnostic~-e1c858aa-bf2d-4ae3-b45e-ffd63c3ac9ef]: BUSY {"metadata":{"emulator":{"name":"functions"},"message":"[worker-~diagnostic~-e1c858aa-bf2d-4ae3-b45e-ffd63c3ac9ef]: BUSY"}}
[debug] [2021-08-01T11:16:39.051Z] [runtime-status] [17068] Functions runtime initialized. {"cwd":"C:\\Users\\suryakant kumar\\OneDrive\\Desktop\\clone\\Amzone_full stack\\amazon_clone\\functions","node_version":"14.17.1"} {"metadata":{"emulator":{"name":"functions"},"message":"[runtime-status] [17068] Functions runtime initialized. {\"cwd\":\"C:\\\\Users\\\\suryakant kumar\\\\OneDrive\\\\Desktop\\\\clone\\\\Amzone_full stack\\\\amazon_clone\\\\functions\",\"node_version\":\"14.17.1\"}"}}
[debug] [2021-08-01T11:16:39.052Z] [runtime-status] [17068] Disabled runtime features: undefined {"metadata":{"emulator":{"name":"functions"},"message":"[runtime-status] [17068] Disabled runtime features: undefined"}}
[debug] [2021-08-01T11:16:39.056Z] [runtime-status] [17068] Resolved module firebase-admin {"declared":true,"installed":true,"version":"9.11.0","resolution":"C:\\Users\\suryakant kumar\\OneDrive\\Desktop\\clone\\Amzone_full stack\\amazon_clone\\functions\\node_modules\\firebase-admin\\lib\\index.js"} {"metadata":{"emulator":{"name":"functions"},"message":"[runtime-status] [17068] Resolved module firebase-admin {\"declared\":true,\"installed\":true,\"version\":\"9.11.0\",\"resolution\":\"C:\\\\Users\\\\suryakant kumar\\\\OneDrive\\\\Desktop\\\\clone\\\\Amzone_full stack\\\\amazon_clone\\\\functions\\\\node_modules\\\\firebase-admin\\\\lib\\\\index.js\"}"}}
[debug] [2021-08-01T11:16:39.057Z] [runtime-status] [17068] Resolved module firebase-functions {"declared":true,"installed":true,"version":"3.14.1","resolution":"C:\\Users\\suryakant kumar\\OneDrive\\Desktop\\clone\\Amzone_full stack\\amazon_clone\\functions\\node_modules\\firebase-functions\\lib\\index.js"} {"metadata":{"emulator":{"name":"functions"},"message":"[runtime-status] [17068] Resolved module firebase-functions {\"declared\":true,\"installed\":true,\"version\":\"3.14.1\",\"resolution\":\"C:\\\\Users\\\\suryakant kumar\\\\OneDrive\\\\Desktop\\\\clone\\\\Amzone_full stack\\\\amazon_clone\\\\functions\\\\node_modules\\\\firebase-functions\\\\lib\\\\index.js\"}"}}
[debug] [2021-08-01T11:16:39.059Z] [runtime-status] [17068] Resolved module firebase-functions {"declared":true,"installed":true,"version":"3.14.1","resolution":"C:\\Users\\suryakant kumar\\OneDrive\\Desktop\\clone\\Amzone_full stack\\amazon_clone\\functions\\node_modules\\firebase-functions\\lib\\index.js"} {"metadata":{"emulator":{"name":"functions"},"message":"[runtime-status] [17068] Resolved module firebase-functions {\"declared\":true,\"installed\":true,\"version\":\"3.14.1\",\"resolution\":\"C:\\\\Users\\\\suryakant kumar\\\\OneDrive\\\\Desktop\\\\clone\\\\Amzone_full stack\\\\amazon_clone\\\\functions\\\\node_modules\\\\firebase-functions\\\\lib\\\\index.js\"}"}}
[debug] [2021-08-01T11:16:39.060Z] [runtime-status] [17068] Outgoing network have been stubbed. [{"name":"http","status":"mocked"},{"name":"http","status":"mocked"},{"name":"https","status":"mocked"},{"name":"https","status":"mocked"},{"name":"net","status":"mocked"}] {"metadata":{"emulator":{"name":"functions"},"message":"[runtime-status] [17068] Outgoing network have been stubbed. [{\"name\":\"http\",\"status\":\"mocked\"},{\"name\":\"http\",\"status\":\"mocked\"},{\"name\":\"https\",\"status\":\"mocked\"},{\"name\":\"https\",\"status\":\"mocked\"},{\"name\":\"net\",\"status\":\"mocked\"}]"}}
[debug] [2021-08-01T11:16:39.061Z] [runtime-status] [17068] Resolved module firebase-functions {"declared":true,"installed":true,"version":"3.14.1","resolution":"C:\\Users\\suryakant kumar\\OneDrive\\Desktop\\clone\\Amzone_full stack\\amazon_clone\\functions\\node_modules\\firebase-functions\\lib\\index.js"} {"metadata":{"emulator":{"name":"functions"},"message":"[runtime-status] [17068] Resolved module firebase-functions {\"declared\":true,\"installed\":true,\"version\":\"3.14.1\",\"resolution\":\"C:\\\\Users\\\\suryakant kumar\\\\OneDrive\\\\Desktop\\\\clone\\\\Amzone_full stack\\\\amazon_clone\\\\functions\\\\node_modules\\\\firebase-functions\\\\lib\\\\index.js\"}"}}
[debug] [2021-08-01T11:16:39.123Z] [runtime-status] [17068] Checked functions.config() {"config":{}} {"metadata":{"emulator":{"name":"functions"},"message":"[runtime-status] [17068] Checked functions.config() {\"config\":{}}"}}
[debug] [2021-08-01T11:16:39.123Z] [runtime-status] [17068] firebase-functions has been stubbed. {"functionsResolution":{"declared":true,"installed":true,"version":"3.14.1","resolution":"C:\\Users\\suryakant kumar\\OneDrive\\Desktop\\clone\\Amzone_full stack\\amazon_clone\\functions\\node_modules\\firebase-functions\\lib\\index.js"}} {"metadata":{"emulator":{"name":"functions"},"message":"[runtime-status] [17068] firebase-functions has been stubbed. {\"functionsResolution\":{\"declared\":true,\"installed\":true,\"version\":\"3.14.1\",\"resolution\":\"C:\\\\Users\\\\suryakant kumar\\\\OneDrive\\\\Desktop\\\\clone\\\\Amzone_full stack\\\\amazon_clone\\\\functions\\\\node_modules\\\\firebase-functions\\\\lib\\\\index.js\"}}"}}
[debug] [2021-08-01T11:16:39.124Z] [runtime-status] [17068] Resolved module firebase-functions {"declared":true,"installed":true,"version":"3.14.1","resolution":"C:\\Users\\suryakant kumar\\OneDrive\\Desktop\\clone\\Amzone_full stack\\amazon_clone\\functions\\node_modules\\firebase-functions\\lib\\index.js"} {"metadata":{"emulator":{"name":"functions"},"message":"[runtime-status] [17068] Resolved module firebase-functions {\"declared\":true,\"installed\":true,\"version\":\"3.14.1\",\"resolution\":\"C:\\\\Users\\\\suryakant kumar\\\\OneDrive\\\\Desktop\\\\clone\\\\Amzone_full stack\\\\amazon_clone\\\\functions\\\\node_modules\\\\firebase-functions\\\\lib\\\\index.js\"}"}}
[debug] [2021-08-01T11:16:39.125Z] [runtime-status] [17068] Resolved module firebase-admin {"declared":true,"installed":true,"version":"9.11.0","resolution":"C:\\Users\\suryakant kumar\\OneDrive\\Desktop\\clone\\Amzone_full stack\\amazon_clone\\functions\\node_modules\\firebase-admin\\lib\\index.js"} {"metadata":{"emulator":{"name":"functions"},"message":"[runtime-status] [17068] Resolved module firebase-admin {\"declared\":true,\"installed\":true,\"version\":\"9.11.0\",\"resolution\":\"C:\\\\Users\\\\suryakant kumar\\\\OneDrive\\\\Desktop\\\\clone\\\\Amzone_full stack\\\\amazon_clone\\\\functions\\\\node_modules\\\\firebase-admin\\\\lib\\\\index.js\"}"}}
[debug] [2021-08-01T11:16:39.125Z] [runtime-status] [17068] Resolved module firebase-functions {"declared":true,"installed":true,"version":"3.14.1","resolution":"C:\\Users\\suryakant kumar\\OneDrive\\Desktop\\clone\\Amzone_full stack\\amazon_clone\\functions\\node_modules\\firebase-functions\\lib\\index.js"} {"metadata":{"emulator":{"name":"functions"},"message":"[runtime-status] [17068] Resolved module firebase-functions {\"declared\":true,\"installed\":true,\"version\":\"3.14.1\",\"resolution\":\"C:\\\\Users\\\\suryakant kumar\\\\OneDrive\\\\Desktop\\\\clone\\\\Amzone_full stack\\\\amazon_clone\\\\functions\\\\node_modules\\\\firebase-functions\\\\lib\\\\index.js\"}"}}
[debug] [2021-08-01T11:16:39.125Z] [runtime-status] [17068] firebase-admin has been stubbed. {"adminResolution":{"declared":true,"installed":true,"version":"9.11.0","resolution":"C:\\Users\\suryakant kumar\\OneDrive\\Desktop\\clone\\Amzone_full stack\\amazon_clone\\functions\\node_modules\\firebase-admin\\lib\\index.js"}} {"metadata":{"emulator":{"name":"functions"},"message":"[runtime-status] [17068] firebase-admin has been stubbed. {\"adminResolution\":{\"declared\":true,\"installed\":true,\"version\":\"9.11.0\",\"resolution\":\"C:\\\\Users\\\\suryakant kumar\\\\OneDrive\\\\Desktop\\\\clone\\\\Amzone_full stack\\\\amazon_clone\\\\functions\\\\node_modules\\\\firebase-admin\\\\lib\\\\index.js\"}}"}}
[info] +  functions[us-central1-api]: http function initialized (http://localhost:5001/full-stack-e-clone/us-central1/api). {"metadata":{"emulator":{"name":"functions"},"message":"\u001b[1mhttp\u001b[22m function initialized (http://localhost:5001/full-stack-e-clone/us-central1/api)."}}
[info] 
┌─────────────────────────────────────────────────────────────┐
│ ✔  All emulators ready! It is now safe to connect your app. │
│ i  View Emulator UI at http://localhost:4001                │
└─────────────────────────────────────────────────────────────┘

┌───────────┬────────────────┬─────────────────────────────────┐
│ Emulator  │ Host:Port      │ View in Emulator UI             │
├───────────┼────────────────┼─────────────────────────────────┤
│ Functions │ localhost:5001 │ http://localhost:4001/functions │
├───────────┼────────────────┼─────────────────────────────────┤
│ Hosting   │ localhost:5000 │ n/a                             │
└───────────┴────────────────┴─────────────────────────────────┘
  Emulator Hub running at localhost:4400
  Other reserved ports: 4500

Issues? Report them at https://github.com/firebase/firebase-tools/issues and attach the *-debug.log files.
 
[debug] [2021-08-01T11:16:39.368Z] [worker-~diagnostic~-e1c858aa-bf2d-4ae3-b45e-ffd63c3ac9ef]: IDLE {"metadata":{"emulator":{"name":"functions"},"message":"[worker-~diagnostic~-e1c858aa-bf2d-4ae3-b45e-ffd63c3ac9ef]: IDLE"}}
[debug] [2021-08-01T11:17:01.898Z] [work-queue] {"queueLength":1,"workRunningCount":0}
[debug] [2021-08-01T11:17:01.898Z] [work-queue] {"queueLength":0,"workRunningCount":1}
[debug] [2021-08-01T11:17:01.898Z] Accepted request POST /full-stack-e-clone/us-central1/api/payments/create?total=62997 --> us-central1-api
[debug] [2021-08-01T11:17:01.903Z] [worker-pool] addWorker(us-central1-api) {"metadata":{"emulator":{"name":"functions"},"message":"[worker-pool] addWorker(us-central1-api)"}}
[debug] [2021-08-01T11:17:01.903Z] [worker-pool] Adding worker with key us-central1-api, total=1 {"metadata":{"emulator":{"name":"functions"},"message":"[worker-pool] Adding worker with key us-central1-api, total=1"}}
[debug] [2021-08-01T11:17:01.903Z] [worker-pool] submitWork(triggerId=us-central1-api) {"metadata":{"emulator":{"name":"functions"},"message":"[worker-pool] submitWork(triggerId=us-central1-api)"}}
[debug] [2021-08-01T11:17:01.904Z] [worker-us-central1-api-98d15c74-4bd6-406b-99c2-f4b9c76cbfd0]: Assigning socketPath: \\?\pipe\C:\Users\suryakant kumar\OneDrive\Desktop\clone\Amzone_full stack\amazon_clone\functions\10132 {"metadata":{"emulator":{"name":"functions"},"message":"[worker-us-central1-api-98d15c74-4bd6-406b-99c2-f4b9c76cbfd0]: Assigning socketPath: \\\\?\\pipe\\C:\\Users\\suryakant kumar\\OneDrive\\Desktop\\clone\\Amzone_full stack\\amazon_clone\\functions\\10132"}}
[debug] [2021-08-01T11:17:01.904Z] [worker-us-central1-api-98d15c74-4bd6-406b-99c2-f4b9c76cbfd0]: BUSY {"metadata":{"emulator":{"name":"functions"},"message":"[worker-us-central1-api-98d15c74-4bd6-406b-99c2-f4b9c76cbfd0]: BUSY"}}
[debug] [2021-08-01T11:17:02.072Z] [runtime-status] [10132] Functions runtime initialized. {"cwd":"C:\\Users\\suryakant kumar\\OneDrive\\Desktop\\clone\\Amzone_full stack\\amazon_clone\\functions","node_version":"14.17.1"} {"metadata":{"emulator":{"name":"functions"},"function":{"name":"us-central1-api"},"message":"[runtime-status] [10132] Functions runtime initialized. {\"cwd\":\"C:\\\\Users\\\\suryakant kumar\\\\OneDrive\\\\Desktop\\\\clone\\\\Amzone_full stack\\\\amazon_clone\\\\functions\",\"node_version\":\"14.17.1\"}"}}
[debug] [2021-08-01T11:17:02.074Z] [runtime-status] [10132] Disabled runtime features: undefined {"metadata":{"emulator":{"name":"functions"},"function":{"name":"us-central1-api"},"message":"[runtime-status] [10132] Disabled runtime features: undefined"}}
[debug] [2021-08-01T11:17:02.077Z] [runtime-status] [10132] Resolved module firebase-admin {"declared":true,"installed":true,"version":"9.11.0","resolution":"C:\\Users\\suryakant kumar\\OneDrive\\Desktop\\clone\\Amzone_full stack\\amazon_clone\\functions\\node_modules\\firebase-admin\\lib\\index.js"} {"metadata":{"emulator":{"name":"functions"},"function":{"name":"us-central1-api"},"message":"[runtime-status] [10132] Resolved module firebase-admin {\"declared\":true,\"installed\":true,\"version\":\"9.11.0\",\"resolution\":\"C:\\\\Users\\\\suryakant kumar\\\\OneDrive\\\\Desktop\\\\clone\\\\Amzone_full stack\\\\amazon_clone\\\\functions\\\\node_modules\\\\firebase-admin\\\\lib\\\\index.js\"}"}}
[debug] [2021-08-01T11:17:02.078Z] [runtime-status] [10132] Resolved module firebase-functions {"declared":true,"installed":true,"version":"3.14.1","resolution":"C:\\Users\\suryakant kumar\\OneDrive\\Desktop\\clone\\Amzone_full stack\\amazon_clone\\functions\\node_modules\\firebase-functions\\lib\\index.js"} {"metadata":{"emulator":{"name":"functions"},"function":{"name":"us-central1-api"},"message":"[runtime-status] [10132] Resolved module firebase-functions {\"declared\":true,\"installed\":true,\"version\":\"3.14.1\",\"resolution\":\"C:\\\\Users\\\\suryakant kumar\\\\OneDrive\\\\Desktop\\\\clone\\\\Amzone_full stack\\\\amazon_clone\\\\functions\\\\node_modules\\\\firebase-functions\\\\lib\\\\index.js\"}"}}
[debug] [2021-08-01T11:17:02.079Z] [runtime-status] [10132] Resolved module firebase-functions {"declared":true,"installed":true,"version":"3.14.1","resolution":"C:\\Users\\suryakant kumar\\OneDrive\\Desktop\\clone\\Amzone_full stack\\amazon_clone\\functions\\node_modules\\firebase-functions\\lib\\index.js"} {"metadata":{"emulator":{"name":"functions"},"function":{"name":"us-central1-api"},"message":"[runtime-status] [10132] Resolved module firebase-functions {\"declared\":true,\"installed\":true,\"version\":\"3.14.1\",\"resolution\":\"C:\\\\Users\\\\suryakant kumar\\\\OneDrive\\\\Desktop\\\\clone\\\\Amzone_full stack\\\\amazon_clone\\\\functions\\\\node_modules\\\\firebase-functions\\\\lib\\\\index.js\"}"}}
[debug] [2021-08-01T11:17:02.081Z] [runtime-status] [10132] Outgoing network have been stubbed. [{"name":"http","status":"mocked"},{"name":"http","status":"mocked"},{"name":"https","status":"mocked"},{"name":"https","status":"mocked"},{"name":"net","status":"mocked"}] {"metadata":{"emulator":{"name":"functions"},"function":{"name":"us-central1-api"},"message":"[runtime-status] [10132] Outgoing network have been stubbed. [{\"name\":\"http\",\"status\":\"mocked\"},{\"name\":\"http\",\"status\":\"mocked\"},{\"name\":\"https\",\"status\":\"mocked\"},{\"name\":\"https\",\"status\":\"mocked\"},{\"name\":\"net\",\"status\":\"mocked\"}]"}}
[debug] [2021-08-01T11:17:02.081Z] [runtime-status] [10132] Resolved module firebase-functions {"declared":true,"installed":true,"version":"3.14.1","resolution":"C:\\Users\\suryakant kumar\\OneDrive\\Desktop\\clone\\Amzone_full stack\\amazon_clone\\functions\\node_modules\\firebase-functions\\lib\\index.js"} {"metadata":{"emulator":{"name":"functions"},"function":{"name":"us-central1-api"},"message":"[runtime-status] [10132] Resolved module firebase-functions {\"declared\":true,\"installed\":true,\"version\":\"3.14.1\",\"resolution\":\"C:\\\\Users\\\\suryakant kumar\\\\OneDrive\\\\Desktop\\\\clone\\\\Amzone_full stack\\\\amazon_clone\\\\functions\\\\node_modules\\\\firebase-functions\\\\lib\\\\index.js\"}"}}
[debug] [2021-08-01T11:17:02.123Z] [runtime-status] [10132] Checked functions.config() {"config":{}} {"metadata":{"emulator":{"name":"functions"},"function":{"name":"us-central1-api"},"message":"[runtime-status] [10132] Checked functions.config() {\"config\":{}}"}}
[debug] [2021-08-01T11:17:02.123Z] [runtime-status] [10132] firebase-functions has been stubbed. {"functionsResolution":{"declared":true,"installed":true,"version":"3.14.1","resolution":"C:\\Users\\suryakant kumar\\OneDrive\\Desktop\\clone\\Amzone_full stack\\amazon_clone\\functions\\node_modules\\firebase-functions\\lib\\index.js"}} {"metadata":{"emulator":{"name":"functions"},"function":{"name":"us-central1-api"},"message":"[runtime-status] [10132] firebase-functions has been stubbed. {\"functionsResolution\":{\"declared\":true,\"installed\":true,\"version\":\"3.14.1\",\"resolution\":\"C:\\\\Users\\\\suryakant kumar\\\\OneDrive\\\\Desktop\\\\clone\\\\Amzone_full stack\\\\amazon_clone\\\\functions\\\\node_modules\\\\firebase-functions\\\\lib\\\\index.js\"}}"}}
[debug] [2021-08-01T11:17:02.124Z] [runtime-status] [10132] Resolved module firebase-functions {"declared":true,"installed":true,"version":"3.14.1","resolution":"C:\\Users\\suryakant kumar\\OneDrive\\Desktop\\clone\\Amzone_full stack\\amazon_clone\\functions\\node_modules\\firebase-functions\\lib\\index.js"} {"metadata":{"emulator":{"name":"functions"},"function":{"name":"us-central1-api"},"message":"[runtime-status] [10132] Resolved module firebase-functions {\"declared\":true,\"installed\":true,\"version\":\"3.14.1\",\"resolution\":\"C:\\\\Users\\\\suryakant kumar\\\\OneDrive\\\\Desktop\\\\clone\\\\Amzone_full stack\\\\amazon_clone\\\\functions\\\\node_modules\\\\firebase-functions\\\\lib\\\\index.js\"}"}}
[debug] [2021-08-01T11:17:02.125Z] [runtime-status] [10132] Resolved module firebase-admin {"declared":true,"installed":true,"version":"9.11.0","resolution":"C:\\Users\\suryakant kumar\\OneDrive\\Desktop\\clone\\Amzone_full stack\\amazon_clone\\functions\\node_modules\\firebase-admin\\lib\\index.js"} {"metadata":{"emulator":{"name":"functions"},"function":{"name":"us-central1-api"},"message":"[runtime-status] [10132] Resolved module firebase-admin {\"declared\":true,\"installed\":true,\"version\":\"9.11.0\",\"resolution\":\"C:\\\\Users\\\\suryakant kumar\\\\OneDrive\\\\Desktop\\\\clone\\\\Amzone_full stack\\\\amazon_clone\\\\functions\\\\node_modules\\\\firebase-admin\\\\lib\\\\index.js\"}"}}
[debug] [2021-08-01T11:17:02.125Z] [runtime-status] [10132] Resolved module firebase-functions {"declared":true,"installed":true,"version":"3.14.1","resolution":"C:\\Users\\suryakant kumar\\OneDrive\\Desktop\\clone\\Amzone_full stack\\amazon_clone\\functions\\node_modules\\firebase-functions\\lib\\index.js"} {"metadata":{"emulator":{"name":"functions"},"function":{"name":"us-central1-api"},"message":"[runtime-status] [10132] Resolved module firebase-functions {\"declared\":true,\"installed\":true,\"version\":\"3.14.1\",\"resolution\":\"C:\\\\Users\\\\suryakant kumar\\\\OneDrive\\\\Desktop\\\\clone\\\\Amzone_full stack\\\\amazon_clone\\\\functions\\\\node_modules\\\\firebase-functions\\\\lib\\\\index.js\"}"}}
[debug] [2021-08-01T11:17:02.125Z] [runtime-status] [10132] firebase-admin has been stubbed. {"adminResolution":{"declared":true,"installed":true,"version":"9.11.0","resolution":"C:\\Users\\suryakant kumar\\OneDrive\\Desktop\\clone\\Amzone_full stack\\amazon_clone\\functions\\node_modules\\firebase-admin\\lib\\index.js"}} {"metadata":{"emulator":{"name":"functions"},"function":{"name":"us-central1-api"},"message":"[runtime-status] [10132] firebase-admin has been stubbed. {\"adminResolution\":{\"declared\":true,\"installed\":true,\"version\":\"9.11.0\",\"resolution\":\"C:\\\\Users\\\\suryakant kumar\\\\OneDrive\\\\Desktop\\\\clone\\\\Amzone_full stack\\\\amazon_clone\\\\functions\\\\node_modules\\\\firebase-admin\\\\lib\\\\index.js\"}}"}}
[debug] [2021-08-01T11:17:02.315Z] [runtime-status] [10132] Trigger "us-central1-api" has been found, beginning invocation! {"metadata":{"emulator":{"name":"functions"},"function":{"name":"us-central1-api"},"message":"[runtime-status] [10132] Trigger \"us-central1-api\" has been found, beginning invocation!"}}
[info] i  functions: Beginning execution of "us-central1-api" {"metadata":{"emulator":{"name":"functions"},"function":{"name":"us-central1-api"},"message":"Beginning execution of \"us-central1-api\""}}
[debug] [2021-08-01T11:17:02.317Z] [runtime-status] [10132] triggerDefinition {"httpsTrigger":{},"name":"api","entryPoint":"api","regions":["us-central1"],"region":"us-central1","id":"us-central1-api"} {"metadata":{"emulator":{"name":"functions"},"function":{"name":"us-central1-api"},"message":"[runtime-status] [10132] triggerDefinition {\"httpsTrigger\":{},\"name\":\"api\",\"entryPoint\":\"api\",\"regions\":[\"us-central1\"],\"region\":\"us-central1\",\"id\":\"us-central1-api\"}"}}
[debug] [2021-08-01T11:17:02.318Z] [runtime-status] [10132] Running us-central1-api in mode HTTPS {"metadata":{"emulator":{"name":"functions"},"function":{"name":"us-central1-api"},"message":"[runtime-status] [10132] Running us-central1-api in mode HTTPS"}}
[debug] [2021-08-01T11:17:02.321Z] [runtime-status] [10132] Attempting to listen to socketPath: \\?\pipe\C:\Users\suryakant kumar\OneDrive\Desktop\clone\Amzone_full stack\amazon_clone\functions\10132 {"metadata":{"emulator":{"name":"functions"},"function":{"name":"us-central1-api"},"message":"[runtime-status] [10132] Attempting to listen to socketPath: \\\\?\\pipe\\C:\\Users\\suryakant kumar\\OneDrive\\Desktop\\clone\\Amzone_full stack\\amazon_clone\\functions\\10132"}}
[debug] [2021-08-01T11:17:02.324Z] [functions] Runtime ready! Sending request! {"metadata":{"emulator":{"name":"functions"},"message":"[functions] Runtime ready! Sending request!"}}
[debug] [2021-08-01T11:17:02.324Z] [functions] Got req.url=/full-stack-e-clone/us-central1/api/payments/create?total=62997, mapping to path=/payments/create?total=62997 {"metadata":{"emulator":{"name":"functions"},"message":"[functions] Got req.url=/full-stack-e-clone/us-central1/api/payments/create?total=62997, mapping to path=/payments/create?total=62997"}}
[debug] [2021-08-01T11:17:02.331Z] [runtime-status] [10132] Ephemeral server handling POST request {"metadata":{"emulator":{"name":"functions"},"function":{"name":"us-central1-api"},"message":"[runtime-status] [10132] Ephemeral server handling POST request"}}
[info] >  Payment recived of amount 62997 {"user":"Payment recived of amount 62997","metadata":{"emulator":{"name":"functions"},"function":{"name":"us-central1-api"},"message":"\u001b[90m> \u001b[39m Payment recived of amount 62997"}}
[debug] [2021-08-01T11:17:02.346Z] [runtime-status] [10132] Ephemeral server survived. {"metadata":{"emulator":{"name":"functions"},"function":{"name":"us-central1-api"},"message":"[runtime-status] [10132] Ephemeral server survived."}}
[info] i  functions: Finished "us-central1-api" in ~8s {"metadata":{"emulator":{"name":"functions"},"function":{"name":"us-central1-api"},"message":"Finished \"us-central1-api\" in ~8s"}}
[debug] [2021-08-01T11:17:11.244Z] [worker-us-central1-api-98d15c74-4bd6-406b-99c2-f4b9c76cbfd0]: IDLE {"metadata":{"emulator":{"name":"functions"},"message":"[worker-us-central1-api-98d15c74-4bd6-406b-99c2-f4b9c76cbfd0]: IDLE"}}
[debug] [2021-08-01T11:17:11.245Z] [work-queue] {"queueLength":0,"workRunningCount":0}
